<?xml version="1.0" encoding="UTF-8"?>
<testsuite xmlns:xsi="http://www.w3.org/2001/XMLSchema-instance" xsi:noNamespaceSchemaLocation="https://maven.apache.org/surefire/maven-surefire-plugin/xsd/surefire-test-report-3.0.xsd" version="3.0" name="io.cucumber.skeleton.RunCucumberTest" time="170.224" tests="22" errors="6" skipped="0" failures="1">
  <properties>
[...]
</properties>
  <testcase name="Test Home page - Avoid cookies" classname="Test Home page" time="10.128">
    <system-err><![CDATA[SLF4J: Failed to load class "org.slf4j.impl.StaticLoggerBinder".
SLF4J: Defaulting to no-operation (NOP) logger implementation
SLF4J: See http://www.slf4j.org/codes.html#StaticLoggerBinder for further details.
Starting ChromeDriver 96.0.4664.45 (76e4c1bb2ab4671b8beba3444e61c0f17584b2fc-refs/branch-heads/4664@{#947}) on port 57257
Only local connections are allowed.
Please see https://chromedriver.chromium.org/security-considerations for suggestions on keeping ChromeDriver safe.
ChromeDriver was started successfully.
Dec 09, 2021 11:58:30 AM org.openqa.selenium.remote.ProtocolHandshake createSession
INFO: Detected dialect: W3C
Dec 09, 2021 11:58:30 AM org.openqa.selenium.devtools.CdpVersionFinder findNearestMatch
WARNING: Unable to find an exact match for CDP version 96, so returning the closest version found: 95
Dec 09, 2021 11:58:30 AM org.openqa.selenium.devtools.CdpVersionFinder findNearestMatch
INFO: Found CDP implementation for version 96 of 95
]]></system-err>
  </testcase>
  <testcase name="Test Home page - Home Cart" classname="Test Home page" time="4.033"/>
  <testcase name="Test Home page - Home My account" classname="Test Home page" time="3.367">
    <error type="org.openqa.selenium.NoSuchElementException"><![CDATA[org.openqa.selenium.NoSuchElementException: 
no such element: Unable to locate element: {"method":"link text","selector":"person"}
  (Session info: chrome=96.0.4664.93)
For documentation on this error, please visit: https://selenium.dev/exceptions/#no_such_element
Build info: version: '4.0.0', revision: '3a21814679'
System info: host: 'MSI', ip: '10.109.189.130', os.name: 'Windows 10', os.arch: 'amd64', os.version: '10.0', java.version: '17.0.1'
Driver info: org.openqa.selenium.chrome.ChromeDriver
Command: [0a03d003cd8fc39be05d7cd7b3661ae8, findElement {using=link text, value=person}]
Capabilities {acceptInsecureCerts: false, browserName: chrome, browserVersion: 96.0.4664.93, chrome: {chromedriverVersion: 96.0.4664.45 (76e4c1bb2ab46..., userDataDir: C:\Users\jose9\AppData\Loca...}, goog:chromeOptions: {debuggerAddress: localhost:63760}, javascriptEnabled: true, networkConnectionEnabled: false, pageLoadStrategy: normal, platform: WINDOWS, platformName: WINDOWS, proxy: Proxy(), se:cdp: ws://localhost:63760/devtoo..., se:cdpVersion: 96.0.4664.93, setWindowRect: true, strictFileInteractability: false, timeouts: {implicit: 0, pageLoad: 300000, script: 30000}, unhandledPromptBehavior: dismiss and notify, webauthn:extension:credBlob: true, webauthn:extension:largeBlob: true, webauthn:virtualAuthenticators: true}
Session ID: 0a03d003cd8fc39be05d7cd7b3661ae8
]]></error>
  </testcase>
  <testcase name="Test Home page - Home Page Logo" classname="Test Home page" time="3.545"/>
  <testcase name="Tests Submenu - Submenu Men Navigation" classname="Tests Submenu" time="4.688"/>
  <testcase name="Tests Submenu - Submenu Sale Navigation" classname="Tests Submenu" time="3.54"/>
  <testcase name="Tests Submenu - Submenu Women Navigation" classname="Tests Submenu" time="3.933"/>
  <testcase name="Tests Products - Navigation Item 1" classname="Tests Products" time="5.222"/>
  <testcase name="Tests Products - Navigation Item 2" classname="Tests Products" time="4.068">
    <error type="org.openqa.selenium.ElementClickInterceptedException"><![CDATA[org.openqa.selenium.ElementClickInterceptedException: 
element click intercepted: Element <a href="/ofertas" class="amenu-link">...</a> is not clickable at point (711, 174). Other element would receive the click: <body id="index" class="lang-es country-es currency-eur layout-left-column page-index tax-display-enabled  pace-running st-wrapper">...</body>
  (Session info: chrome=96.0.4664.93)
Build info: version: '4.0.0', revision: '3a21814679'
System info: host: 'MSI', ip: '10.109.189.130', os.name: 'Windows 10', os.arch: 'amd64', os.version: '10.0', java.version: '17.0.1'
Driver info: org.openqa.selenium.chrome.ChromeDriver
Command: [0a03d003cd8fc39be05d7cd7b3661ae8, clickElement {id=fe055cdd-cbc4-4981-9d29-1cf0a7377f0c}]
Capabilities {acceptInsecureCerts: false, browserName: chrome, browserVersion: 96.0.4664.93, chrome: {chromedriverVersion: 96.0.4664.45 (76e4c1bb2ab46..., userDataDir: C:\Users\jose9\AppData\Loca...}, goog:chromeOptions: {debuggerAddress: localhost:63760}, javascriptEnabled: true, networkConnectionEnabled: false, pageLoadStrategy: normal, platform: WINDOWS, platformName: WINDOWS, proxy: Proxy(), se:cdp: ws://localhost:63760/devtoo..., se:cdpVersion: 96.0.4664.93, setWindowRect: true, strictFileInteractability: false, timeouts: {implicit: 0, pageLoad: 300000, script: 30000}, unhandledPromptBehavior: dismiss and notify, webauthn:extension:credBlob: true, webauthn:extension:largeBlob: true, webauthn:virtualAuthenticators: true}
Element: [[ChromeDriver: chrome on WINDOWS (0a03d003cd8fc39be05d7cd7b3661ae8)] -> link text: OFERTAS]
Session ID: 0a03d003cd8fc39be05d7cd7b3661ae8
]]></error>
  </testcase>
  <testcase name="Tests Products - Navigation Item 3" classname="Tests Products" time="10.047"/>
  <testcase name="Tests Add - Cart Empty" classname="Tests Add" time="4.05"/>
  <testcase name="Tests Add - Correct Add 1 Item To Cart" classname="Tests Add" time="12.322">
    <error type="org.openqa.selenium.ElementClickInterceptedException"><![CDATA[org.openqa.selenium.ElementClickInterceptedException: 
element click intercepted: Element <a rel="nofollow" href="//www.megaotaku.com/carrito?action=show" class="cart-link btn-primary">...</a> is not clickable at point (932, 92). Other element would receive the click: <body id="index" class="lang-es country-es currency-eur layout-left-column page-index tax-display-enabled  pace-running st-wrapper">...</body>
  (Session info: chrome=96.0.4664.93)
Build info: version: '4.0.0', revision: '3a21814679'
System info: host: 'MSI', ip: '10.109.189.130', os.name: 'Windows 10', os.arch: 'amd64', os.version: '10.0', java.version: '17.0.1'
Driver info: org.openqa.selenium.chrome.ChromeDriver
Command: [0a03d003cd8fc39be05d7cd7b3661ae8, clickElement {id=41ae03ac-d519-47ea-b89f-720376cf746e}]
Capabilities {acceptInsecureCerts: false, browserName: chrome, browserVersion: 96.0.4664.93, chrome: {chromedriverVersion: 96.0.4664.45 (76e4c1bb2ab46..., userDataDir: C:\Users\jose9\AppData\Loca...}, goog:chromeOptions: {debuggerAddress: localhost:63760}, javascriptEnabled: true, networkConnectionEnabled: false, pageLoadStrategy: normal, platform: WINDOWS, platformName: WINDOWS, proxy: Proxy(), se:cdp: ws://localhost:63760/devtoo..., se:cdpVersion: 96.0.4664.93, setWindowRect: true, strictFileInteractability: false, timeouts: {implicit: 0, pageLoad: 300000, script: 30000}, unhandledPromptBehavior: dismiss and notify, webauthn:extension:credBlob: true, webauthn:extension:largeBlob: true, webauthn:virtualAuthenticators: true}
Element: [[ChromeDriver: chrome on WINDOWS (0a03d003cd8fc39be05d7cd7b3661ae8)] -> xpath: //a[@href='//www.megaotaku.com/carrito?action=show']]
Session ID: 0a03d003cd8fc39be05d7cd7b3661ae8
]]></error>
  </testcase>
  <testcase name="Tests Add - Correct Add 2 Item To Cart" classname="Tests Add" time="17.857"/>
  <testcase name="Tests Cart - Remove all items" classname="Tests Cart" time="5.878">
    <error type="org.openqa.selenium.ElementClickInterceptedException"><![CDATA[org.openqa.selenium.ElementClickInterceptedException: 
element click intercepted: Element <a rel="nofollow" href="//www.megaotaku.com/carrito?action=show" class="cart-link btn-primary">...</a> is not clickable at point (929, 92). Other element would receive the click: <body id="index" class="lang-es country-es currency-eur layout-left-column page-index tax-display-enabled  pace-running st-wrapper">...</body>
  (Session info: chrome=96.0.4664.93)
Build info: version: '4.0.0', revision: '3a21814679'
System info: host: 'MSI', ip: '10.109.189.130', os.name: 'Windows 10', os.arch: 'amd64', os.version: '10.0', java.version: '17.0.1'
Driver info: org.openqa.selenium.chrome.ChromeDriver
Command: [0a03d003cd8fc39be05d7cd7b3661ae8, clickElement {id=98c23bb0-8301-44ac-a2a7-70d1eed66997}]
Capabilities {acceptInsecureCerts: false, browserName: chrome, browserVersion: 96.0.4664.93, chrome: {chromedriverVersion: 96.0.4664.45 (76e4c1bb2ab46..., userDataDir: C:\Users\jose9\AppData\Loca...}, goog:chromeOptions: {debuggerAddress: localhost:63760}, javascriptEnabled: true, networkConnectionEnabled: false, pageLoadStrategy: normal, platform: WINDOWS, platformName: WINDOWS, proxy: Proxy(), se:cdp: ws://localhost:63760/devtoo..., se:cdpVersion: 96.0.4664.93, setWindowRect: true, strictFileInteractability: false, timeouts: {implicit: 0, pageLoad: 300000, script: 30000}, unhandledPromptBehavior: dismiss and notify, webauthn:extension:credBlob: true, webauthn:extension:largeBlob: true, webauthn:virtualAuthenticators: true}
Element: [[ChromeDriver: chrome on WINDOWS (0a03d003cd8fc39be05d7cd7b3661ae8)] -> xpath: //a[@href='//www.megaotaku.com/carrito?action=show']]
Session ID: 0a03d003cd8fc39be05d7cd7b3661ae8
]]></error>
  </testcase>
  <testcase name="Tests Cart - Add 1 Item and increse it to 3 units" classname="Tests Cart" time="27.175">
    <failure type="org.opentest4j.AssertionFailedError"><![CDATA[org.opentest4j.AssertionFailedError: expected: <true> but was: <false>
]]></failure>
  </testcase>
  <testcase name="Tests Cart - Go Shop" classname="Tests Cart" time="0.633"/>
  <testcase name="Tests Contact Information - Searchbar find click" classname="Tests Contact Information" time="11.537"/>
  <testcase name="Tests Contact Information - Searchbar item click" classname="Tests Contact Information" time="11.122">
    <error type="org.openqa.selenium.NoSuchElementException"><![CDATA[org.openqa.selenium.NoSuchElementException: 
no such element: Unable to locate element: {"method":"xpath","selector":"//a[@id='ui-id-32']"}
  (Session info: chrome=96.0.4664.93)
For documentation on this error, please visit: https://selenium.dev/exceptions/#no_such_element
Build info: version: '4.0.0', revision: '3a21814679'
System info: host: 'MSI', ip: '10.109.189.130', os.name: 'Windows 10', os.arch: 'amd64', os.version: '10.0', java.version: '17.0.1'
Driver info: org.openqa.selenium.chrome.ChromeDriver
Command: [0a03d003cd8fc39be05d7cd7b3661ae8, findElement {using=xpath, value=//a[@id='ui-id-32']}]
Capabilities {acceptInsecureCerts: false, browserName: chrome, browserVersion: 96.0.4664.93, chrome: {chromedriverVersion: 96.0.4664.45 (76e4c1bb2ab46..., userDataDir: C:\Users\jose9\AppData\Loca...}, goog:chromeOptions: {debuggerAddress: localhost:63760}, javascriptEnabled: true, networkConnectionEnabled: false, pageLoadStrategy: normal, platform: WINDOWS, platformName: WINDOWS, proxy: Proxy(), se:cdp: ws://localhost:63760/devtoo..., se:cdpVersion: 96.0.4664.93, setWindowRect: true, strictFileInteractability: false, timeouts: {implicit: 0, pageLoad: 300000, script: 30000}, unhandledPromptBehavior: dismiss and notify, webauthn:extension:credBlob: true, webauthn:extension:largeBlob: true, webauthn:virtualAuthenticators: true}
Session ID: 0a03d003cd8fc39be05d7cd7b3661ae8
]]></error>
  </testcase>
  <testcase name="Tests Contact Information - Empty Searchbar" classname="Tests Contact Information" time="12.375"/>
  <testcase name="Tests Contact Information - Test correct" classname="Tests Contact Information" time="6.977">
    <error type="io.cucumber.junit.platform.engine.UndefinedStepException"><![CDATA[io.cucumber.junit.platform.engine.UndefinedStepException: 
The step 'I type "608123456" value in "buyer_phone_number input' is undefined.
You can implement this step using the snippet(s) below:

@When("I type {string} value in \"buyer_phone_number input")
public void i_type_value_in_buyer_phone_number_input(String string) {
    // Write code here that turns the phrase above into concrete actions
    throw new io.cucumber.java.PendingException();
}

]]></error>
  </testcase>
  <testcase name="Tests Contact Information - Test empty" classname="Tests Contact Information" time="2.613"/>
  <testcase name="Tests Contact Information - Test wrong email" classname="Tests Contact Information" time="1.919"/>
</testsuite>